Tip izraza u indeksu nije celobrojnog tipa na liniji 27
Tip izraza u indeksu nije celobrojnog tipa na liniji 27
Greska: Mnozenje i deljenje je moguce samo sa int tipom na liniji 27
Greska: Mnozenje i deljenje je moguce samo sa int tipom na liniji 28
Greska: Mnozenje i deljenje je moguce samo sa int tipom na liniji 28
Greska: Izraz u print iskazu mora biti int, char ili bool tipa na liniji 30
Greska: Izraz u print iskazu mora biti int, char ili bool tipa na liniji 37
Greska: Izraz u print iskazu mora biti int, char ili bool tipa na liniji 38
Tip izraza u indeksu nije celobrojnog tipa na liniji 27
Tip izraza u indeksu nije celobrojnog tipa na liniji 27
Greska: Mnozenje i deljenje je moguce samo sa int tipom na liniji 27
Greska: Mnozenje i deljenje je moguce samo sa int tipom na liniji 28
Greska: Mnozenje i deljenje je moguce samo sa int tipom na liniji 28
Greska: Izraz u print iskazu mora biti int, char ili bool tipa na liniji 30
Greska: Izraz u print iskazu mora biti int, char ili bool tipa na liniji 37
Greska: Izraz u print iskazu mora biti int, char ili bool tipa na liniji 38

Sintaksna greska na liniji 16
Izvrsen oporavak do ; u liniji 16

Sintaksna greska na liniji 18
Izvrsen oporavak do ; u liniji 18

Sintaksna greska na liniji 19
Izvrsen oporavak do ; u liniji 19

Sintaksna greska na liniji 59
Izvrsen oporavak do ; u liniji 13

Sintaksna greska na liniji 64
Izvrsen oporavak do ; u liniji 13

Sintaksna greska na liniji 65
Izvrsen oporavak do ; u liniji 13